<?xml version="1.0" encoding="UTF-8"?>
<testng-results ignored="0" total="2" passed="2" failed="0" skipped="0">
  <reporter-output>
  </reporter-output>
  <suite started-at="2024-10-30T15:24:04 IST" name="MasterSuite" finished-at="2024-10-30T15:24:34 IST" duration-ms="30536">
    <groups>
      <group name="Master">
        <method signature="TC001_AccountRegistrationTest.verfy_account_registration()[pri:0, instance:testCases.TC001_AccountRegistrationTest@59505b48]" name="verfy_account_registration" class="testCases.TC001_AccountRegistrationTest"/>
        <method signature="TC002_LoginTest.verify_Login()[pri:0, instance:testCases.TC002_LoginTest@54e1c68b]" name="verify_Login" class="testCases.TC002_LoginTest"/>
      </group> <!-- Master -->
      <group name="Sanity">
        <method signature="TC002_LoginTest.verify_Login()[pri:0, instance:testCases.TC002_LoginTest@54e1c68b]" name="verify_Login" class="testCases.TC002_LoginTest"/>
      </group> <!-- Sanity -->
      <group name="Regression">
        <method signature="TC001_AccountRegistrationTest.verfy_account_registration()[pri:0, instance:testCases.TC001_AccountRegistrationTest@59505b48]" name="verfy_account_registration" class="testCases.TC001_AccountRegistrationTest"/>
      </group> <!-- Regression -->
    </groups>
    <test started-at="2024-10-30T15:24:04 IST" name="LoginTest1" finished-at="2024-10-30T15:24:34 IST" duration-ms="30536">
      <class name="testCases.TC002_LoginTest">
        <test-method is-config="true" signature="setUp(java.lang.String)[pri:0, instance:testCases.TC002_LoginTest@54e1c68b]" started-at="2024-10-30T15:24:22 IST" name="setUp" finished-at="2024-10-30T15:24:32 IST" duration-ms="9495" status="PASS">
          <params>
            <param index="0">
              <value>
                <![CDATA[chrome]]>
              </value>
            </param>
          </params>
          <reporter-output>
          </reporter-output>
        </test-method> <!-- setUp -->
        <test-method signature="verify_Login()[pri:0, instance:testCases.TC002_LoginTest@54e1c68b]" started-at="2024-10-30T15:24:32 IST" name="verify_Login" finished-at="2024-10-30T15:24:34 IST" duration-ms="1797" status="PASS">
          <reporter-output>
          </reporter-output>
        </test-method> <!-- verify_Login -->
        <test-method is-config="true" signature="tearDown()[pri:0, instance:testCases.TC002_LoginTest@54e1c68b]" started-at="2024-10-30T15:24:34 IST" name="tearDown" finished-at="2024-10-30T15:24:34 IST" duration-ms="411" status="PASS">
          <reporter-output>
          </reporter-output>
        </test-method> <!-- tearDown -->
      </class> <!-- testCases.TC002_LoginTest -->
      <class name="testCases.TC001_AccountRegistrationTest">
        <test-method is-config="true" signature="setUp(java.lang.String)[pri:0, instance:testCases.TC001_AccountRegistrationTest@59505b48]" started-at="2024-10-30T15:24:04 IST" name="setUp" finished-at="2024-10-30T15:24:18 IST" duration-ms="13632" status="PASS">
          <params>
            <param index="0">
              <value>
                <![CDATA[chrome]]>
              </value>
            </param>
          </params>
          <reporter-output>
          </reporter-output>
        </test-method> <!-- setUp -->
        <test-method signature="verfy_account_registration()[pri:0, instance:testCases.TC001_AccountRegistrationTest@59505b48]" started-at="2024-10-30T15:24:18 IST" name="verfy_account_registration" finished-at="2024-10-30T15:24:22 IST" duration-ms="4036" status="PASS">
          <reporter-output>
          </reporter-output>
        </test-method> <!-- verfy_account_registration -->
        <test-method is-config="true" signature="tearDown()[pri:0, instance:testCases.TC001_AccountRegistrationTest@59505b48]" started-at="2024-10-30T15:24:22 IST" name="tearDown" finished-at="2024-10-30T15:24:22 IST" duration-ms="645" status="PASS">
          <reporter-output>
          </reporter-output>
        </test-method> <!-- tearDown -->
      </class> <!-- testCases.TC001_AccountRegistrationTest -->
    </test> <!-- LoginTest1 -->
  </suite> <!-- MasterSuite -->
</testng-results>
