<?xml version="1.0" encoding="UTF-8"?>
<testng-results ignored="0" total="2" passed="2" failed="0" skipped="0">
  <reporter-output>
  </reporter-output>
  <suite started-at="2024-10-30T14:18:05 IST" name="MasterSuite" finished-at="2024-10-30T14:18:45 IST" duration-ms="39664">
    <groups>
      <group name="Master">
        <method signature="TC001_AccountRegistrationTest.verfy_account_registration()[pri:0, instance:testCases.TC001_AccountRegistrationTest@196a42c3]" name="verfy_account_registration" class="testCases.TC001_AccountRegistrationTest"/>
        <method signature="TC002_LoginTest.verify_Login()[pri:0, instance:testCases.TC002_LoginTest@7f485fda]" name="verify_Login" class="testCases.TC002_LoginTest"/>
      </group> <!-- Master -->
      <group name="Sanity">
        <method signature="TC002_LoginTest.verify_Login()[pri:0, instance:testCases.TC002_LoginTest@7f485fda]" name="verify_Login" class="testCases.TC002_LoginTest"/>
      </group> <!-- Sanity -->
      <group name="Regression">
        <method signature="TC001_AccountRegistrationTest.verfy_account_registration()[pri:0, instance:testCases.TC001_AccountRegistrationTest@196a42c3]" name="verfy_account_registration" class="testCases.TC001_AccountRegistrationTest"/>
      </group> <!-- Regression -->
    </groups>
    <test started-at="2024-10-30T14:18:05 IST" name="LoginTest1" finished-at="2024-10-30T14:18:45 IST" duration-ms="39664">
      <class name="testCases.TC002_LoginTest">
        <test-method is-config="true" signature="setUp(java.lang.String)[pri:0, instance:testCases.TC002_LoginTest@7f485fda]" started-at="2024-10-30T14:18:28 IST" name="setUp" finished-at="2024-10-30T14:18:38 IST" duration-ms="9920" status="PASS">
          <params>
            <param index="0">
              <value>
                <![CDATA[chrome]]>
              </value>
            </param>
          </params>
          <reporter-output>
          </reporter-output>
        </test-method> <!-- setUp -->
        <test-method signature="verify_Login()[pri:0, instance:testCases.TC002_LoginTest@7f485fda]" started-at="2024-10-30T14:18:38 IST" name="verify_Login" finished-at="2024-10-30T14:18:41 IST" duration-ms="2414" status="PASS">
          <reporter-output>
          </reporter-output>
        </test-method> <!-- verify_Login -->
        <test-method is-config="true" signature="tearDown()[pri:0, instance:testCases.TC002_LoginTest@7f485fda]" started-at="2024-10-30T14:18:41 IST" name="tearDown" finished-at="2024-10-30T14:18:45 IST" duration-ms="4067" status="PASS">
          <reporter-output>
          </reporter-output>
        </test-method> <!-- tearDown -->
      </class> <!-- testCases.TC002_LoginTest -->
      <class name="testCases.TC001_AccountRegistrationTest">
        <test-method is-config="true" signature="setUp(java.lang.String)[pri:0, instance:testCases.TC001_AccountRegistrationTest@196a42c3]" started-at="2024-10-30T14:18:06 IST" name="setUp" finished-at="2024-10-30T14:18:25 IST" duration-ms="18878" status="PASS">
          <params>
            <param index="0">
              <value>
                <![CDATA[chrome]]>
              </value>
            </param>
          </params>
          <reporter-output>
          </reporter-output>
        </test-method> <!-- setUp -->
        <test-method signature="verfy_account_registration()[pri:0, instance:testCases.TC001_AccountRegistrationTest@196a42c3]" started-at="2024-10-30T14:18:25 IST" name="verfy_account_registration" finished-at="2024-10-30T14:18:28 IST" duration-ms="3588" status="PASS">
          <reporter-output>
          </reporter-output>
        </test-method> <!-- verfy_account_registration -->
        <test-method is-config="true" signature="tearDown()[pri:0, instance:testCases.TC001_AccountRegistrationTest@196a42c3]" started-at="2024-10-30T14:18:28 IST" name="tearDown" finished-at="2024-10-30T14:18:28 IST" duration-ms="78" status="PASS">
          <reporter-output>
          </reporter-output>
        </test-method> <!-- tearDown -->
      </class> <!-- testCases.TC001_AccountRegistrationTest -->
    </test> <!-- LoginTest1 -->
  </suite> <!-- MasterSuite -->
</testng-results>
