<?xml version="1.0" encoding="UTF-8"?>
<!-- Generated by org.testng.reporters.JUnitXMLReporter -->
<testsuite ignored="0" hostname="Ajay-PC" failures="0" tests="1" name="LoginTest1" time="0.143" errors="0" timestamp="2024-10-30T14:03:21 IST">
  <testcase classname="testBaseClass.BaseClass" name="@BeforeClass setUp" time="0.03">
    <failure type="java.lang.NullPointerException" message="Cannot invoke &amp;quot;java.util.Properties.load(java.io.Reader)&amp;quot; because &amp;quot;this.prop&amp;quot; is null">
      <![CDATA[java.lang.NullPointerException: Cannot invoke "java.util.Properties.load(java.io.Reader)" because "this.prop" is null
at testBaseClass.BaseClass.setUp(BaseClass.java:37)
at java.base/java.util.ArrayList.forEach(ArrayList.java:1511)
... Removed 25 stack frames]]>
    </failure>
  </testcase> <!-- @BeforeClass setUp -->
  <testcase classname="testBaseClass.BaseClass" name="@AfterClass tearDown" time="0.0">
    <skipped/>
  </testcase> <!-- @AfterClass tearDown -->
  <testcase classname="testCases.TC002_LoginTest" name="verify_Login" time="0.001">
    <skipped/>
  </testcase> <!-- verify_Login -->
</testsuite> <!-- LoginTest1 -->
